Configuring persistent-sqlite-2.2.1...
Building persistent-sqlite-2.2.1...
Preprocessing library persistent-sqlite-2.2.1...
[1 of 2] Compiling Database.Sqlite  ( Database/Sqlite.hs, .stack-work/dist/x86_64-osx/Cabal-1.22.5.0/build/Database/Sqlite.o )

Database/Sqlite.hs:50:1: Warning:
    The import of ‘Data.Monoid’ is redundant
      except perhaps to import instances from ‘Data.Monoid’
    To import instances alone, use: import Data.Monoid()
[2 of 2] Compiling Database.Persist.Sqlite ( Database/Persist/Sqlite.hs, .stack-work/dist/x86_64-osx/Cabal-1.22.5.0/build/Database/Persist/Sqlite.o )

Database/Persist/Sqlite.hs:41:1: Warning:
    The import of ‘Control.Applicative’ is redundant
      except perhaps to import instances from ‘Control.Applicative’
    To import instances alone, use: import Control.Applicative()

cbits/sqlite3.c:17378:17:
     warning: 'OSAtomicCompareAndSwapPtrBarrier' is deprecated: first deprecated in macOS 10.12 - Use atomic_compare_exchange_strong() from <stdatomic.h> instead [-Wdeprecated-declarations]
          success = OSAtomicCompareAndSwapPtrBarrier(NULL, newzone, 
                    ^

/usr/include/libkern/OSAtomicDeprecated.h:547:6:
     note: 'OSAtomicCompareAndSwapPtrBarrier' has been explicitly marked deprecated here
bool    OSAtomicCompareAndSwapPtrBarrier( void *__oldValue, void *__newValue, void * volatile *__theValue );
        ^
1 warning generated.

cbits/sqlite3.c:17378:17:
     warning: 'OSAtomicCompareAndSwapPtrBarrier' is deprecated: first deprecated in macOS 10.12 - Use atomic_compare_exchange_strong() from <stdatomic.h> instead [-Wdeprecated-declarations]
          success = OSAtomicCompareAndSwapPtrBarrier(NULL, newzone, 
                    ^

/usr/include/libkern/OSAtomicDeprecated.h:547:6:
     note: 'OSAtomicCompareAndSwapPtrBarrier' has been explicitly marked deprecated here
bool    OSAtomicCompareAndSwapPtrBarrier( void *__oldValue, void *__newValue, void * volatile *__theValue );
        ^
1 warning generated.
In-place registering persistent-sqlite-2.2.1...
Installing library in
/Users/adriano/tutorials/haskell/webBookmarks/.stack-work/install/x86_64-osx/lts-6.7/7.10.3/lib/x86_64-osx-ghc-7.10.3/persistent-sqlite-2.2.1-32mkmYnelw119vOcX9sqJC
Registering persistent-sqlite-2.2.1...
